\BOOKMARK [1][-]{section.1}{\376\377\000I\000n\000t\000r\000o\000d\000u\000c\000t\000i\000o\000n}{}% 1
\BOOKMARK [2][-]{subsection.1.1}{\376\377\000P\000r\000o\000b\000l\000e\000m\000\040\000C\000o\000n\000t\000e\000x\000t}{section.1}% 2
\BOOKMARK [2][-]{subsection.1.2}{\376\377\000S\000o\000l\000u\000t\000i\000o\000n\000\040\000A\000p\000p\000r\000o\000a\000c\000h}{section.1}% 3
\BOOKMARK [2][-]{subsection.1.3}{\376\377\000T\000e\000c\000h\000n\000i\000c\000a\000l\000\040\000C\000h\000a\000l\000l\000e\000n\000g\000e\000s}{section.1}% 4
\BOOKMARK [1][-]{section.2}{\376\377\000P\000r\000o\000b\000l\000e\000m\000\040\000S\000i\000g\000n\000i\000f\000i\000c\000a\000n\000c\000e}{}% 5
\BOOKMARK [2][-]{subsection.2.1}{\376\377\000R\000e\000a\000l\000-\000W\000o\000r\000l\000d\000\040\000I\000m\000p\000a\000c\000t}{section.2}% 6
\BOOKMARK [2][-]{subsection.2.2}{\376\377\000E\000c\000o\000n\000o\000m\000i\000c\000\040\000B\000e\000n\000e\000f\000i\000t\000s}{section.2}% 7
\BOOKMARK [2][-]{subsection.2.3}{\376\377\000E\000n\000v\000i\000r\000o\000n\000m\000e\000n\000t\000a\000l\000\040\000I\000m\000p\000a\000c\000t}{section.2}% 8
\BOOKMARK [1][-]{section.3}{\376\377\000D\000a\000t\000a\000\040\000a\000n\000d\000\040\000M\000e\000t\000h\000o\000d\000o\000l\000o\000g\000y}{}% 9
\BOOKMARK [2][-]{subsection.3.1}{\376\377\000D\000a\000t\000a\000\040\000M\000o\000d\000e\000l\000s}{section.3}% 10
\BOOKMARK [3][-]{subsubsection.3.1.1}{\376\377\000E\000l\000e\000c\000t\000r\000i\000c\000\040\000V\000e\000h\000i\000c\000l\000e\000\040\000M\000o\000d\000e\000l}{subsection.3.1}% 11
\BOOKMARK [3][-]{subsubsection.3.1.2}{\376\377\000C\000h\000a\000r\000g\000i\000n\000g\000\040\000S\000t\000a\000t\000i\000o\000n\000\040\000M\000o\000d\000e\000l}{subsection.3.1}% 12
\BOOKMARK [3][-]{subsubsection.3.1.3}{\376\377\000N\000e\000t\000w\000o\000r\000k\000\040\000F\000l\000o\000w\000\040\000M\000o\000d\000e\000l}{subsection.3.1}% 13
\BOOKMARK [2][-]{subsection.3.2}{\376\377\000T\000e\000s\000t\000\040\000S\000c\000e\000n\000a\000r\000i\000o\000s}{section.3}% 14
\BOOKMARK [3][-]{subsubsection.3.2.1}{\376\377\000C\000a\000g\000l\000i\000a\000r\000i\000\040\000R\000e\000a\000l\000-\000W\000o\000r\000l\000d\000\040\000S\000c\000e\000n\000a\000r\000i\000o}{subsection.3.2}% 15
\BOOKMARK [3][-]{subsubsection.3.2.2}{\376\377\000P\000r\000o\000b\000l\000e\000m\000\040\000I\000n\000s\000t\000a\000n\000c\000e\000\040\000D\000a\000t\000a}{subsection.3.2}% 16
\BOOKMARK [2][-]{subsection.3.3}{\376\377\000M\000e\000t\000h\000o\000d\000o\000l\000o\000g\000i\000c\000a\000l\000\040\000F\000r\000a\000m\000e\000w\000o\000r\000k}{section.3}% 17
\BOOKMARK [3][-]{subsubsection.3.3.1}{\376\377\000T\000w\000o\000-\000P\000h\000a\000s\000e\000\040\000O\000p\000t\000i\000m\000i\000z\000a\000t\000i\000o\000n}{subsection.3.3}% 18
\BOOKMARK [3][-]{subsubsection.3.3.2}{\376\377\000C\000o\000s\000t\000\040\000M\000o\000d\000e\000l\000i\000n\000g}{subsection.3.3}% 19
\BOOKMARK [1][-]{section.4}{\376\377\000M\000a\000t\000h\000e\000m\000a\000t\000i\000c\000a\000l\000\040\000F\000o\000r\000m\000u\000l\000a\000t\000i\000o\000n}{}% 20
\BOOKMARK [2][-]{subsection.4.1}{\376\377\000P\000r\000o\000b\000l\000e\000m\000\040\000D\000e\000f\000i\000n\000i\000t\000i\000o\000n}{section.4}% 21
\BOOKMARK [2][-]{subsection.4.2}{\376\377\000D\000e\000c\000i\000s\000i\000o\000n\000\040\000V\000a\000r\000i\000a\000b\000l\000e\000s}{section.4}% 22
\BOOKMARK [2][-]{subsection.4.3}{\376\377\000O\000b\000j\000e\000c\000t\000i\000v\000e\000\040\000F\000u\000n\000c\000t\000i\000o\000n}{section.4}% 23
\BOOKMARK [2][-]{subsection.4.4}{\376\377\000C\000o\000n\000s\000t\000r\000a\000i\000n\000t\000s}{section.4}% 24
\BOOKMARK [3][-]{subsubsection.4.4.1}{\376\377\000A\000s\000s\000i\000g\000n\000m\000e\000n\000t\000\040\000C\000o\000n\000s\000t\000r\000a\000i\000n\000t\000s}{subsection.4.4}% 25
\BOOKMARK [3][-]{subsubsection.4.4.2}{\376\377\000C\000a\000p\000a\000c\000i\000t\000y\000\040\000C\000o\000n\000s\000t\000r\000a\000i\000n\000t\000s}{subsection.4.4}% 26
\BOOKMARK [3][-]{subsubsection.4.4.3}{\376\377\000E\000n\000e\000r\000g\000y\000\040\000F\000e\000a\000s\000i\000b\000i\000l\000i\000t\000y\000\040\000C\000o\000n\000s\000t\000r\000a\000i\000n\000t\000s}{subsection.4.4}% 27
\BOOKMARK [2][-]{subsection.4.5}{\376\377\000N\000e\000t\000w\000o\000r\000k\000\040\000F\000l\000o\000w\000\040\000F\000o\000r\000m\000u\000l\000a\000t\000i\000o\000n}{section.4}% 28
\BOOKMARK [1][-]{section.5}{\376\377\000I\000m\000p\000l\000e\000m\000e\000n\000t\000a\000t\000i\000o\000n\000\040\000a\000n\000d\000\040\000O\000p\000t\000i\000m\000i\000z\000a\000t\000i\000o\000n}{}% 29
\BOOKMARK [2][-]{subsection.5.1}{\376\377\000T\000w\000o\000-\000P\000h\000a\000s\000e\000\040\000A\000r\000c\000h\000i\000t\000e\000c\000t\000u\000r\000e}{section.5}% 30
\BOOKMARK [3][-]{subsubsection.5.1.1}{\376\377\000P\000h\000a\000s\000e\000\040\0001\000:\000\040\000F\000e\000a\000s\000i\000b\000i\000l\000i\000t\000y\000\040\000A\000n\000a\000l\000y\000s\000i\000s}{subsection.5.1}% 31
\BOOKMARK [3][-]{subsubsection.5.1.2}{\376\377\000C\000o\000m\000p\000l\000e\000t\000e\000\040\000O\000p\000t\000i\000m\000i\000z\000a\000t\000i\000o\000n\000\040\000P\000i\000p\000e\000l\000i\000n\000e}{subsection.5.1}% 32
\BOOKMARK [3][-]{subsubsection.5.1.3}{\376\377\000P\000h\000a\000s\000e\000\040\0002\000:\000\040\000M\000i\000n\000i\000m\000u\000m\000\040\000C\000o\000s\000t\000\040\000F\000l\000o\000w\000\040\000O\000p\000t\000i\000m\000i\000z\000a\000t\000i\000o\000n}{subsection.5.1}% 33
\BOOKMARK [2][-]{subsection.5.2}{\376\377\000N\000e\000t\000w\000o\000r\000k\000\040\000C\000o\000n\000s\000t\000r\000u\000c\000t\000i\000o\000n}{section.5}% 34
\BOOKMARK [2][-]{subsection.5.3}{\376\377\000A\000l\000g\000o\000r\000i\000t\000h\000m\000\040\000I\000m\000p\000l\000e\000m\000e\000n\000t\000a\000t\000i\000o\000n\000s}{section.5}% 35
\BOOKMARK [3][-]{subsubsection.5.3.1}{\376\377\000S\000u\000c\000c\000e\000s\000s\000i\000v\000e\000\040\000S\000h\000o\000r\000t\000e\000s\000t\000\040\000P\000a\000t\000h\000\040\000\050\000S\000S\000P\000\051}{subsection.5.3}% 36
\BOOKMARK [3][-]{subsubsection.5.3.2}{\376\377\000C\000y\000c\000l\000e\000-\000C\000a\000n\000c\000e\000l\000i\000n\000g\000\040\000A\000l\000g\000o\000r\000i\000t\000h\000m}{subsection.5.3}% 37
\BOOKMARK [3][-]{subsubsection.5.3.3}{\376\377\000P\000r\000e\000f\000l\000o\000w\000-\000P\000u\000s\000h\000\040\000A\000l\000g\000o\000r\000i\000t\000h\000m}{subsection.5.3}% 38
\BOOKMARK [3][-]{subsubsection.5.3.4}{\376\377\000B\000e\000l\000l\000m\000a\000n\000-\000F\000o\000r\000d\000\040\000A\000l\000g\000o\000r\000i\000t\000h\000m}{subsection.5.3}% 39
\BOOKMARK [3][-]{subsubsection.5.3.5}{\376\377\000D\000i\000j\000k\000s\000t\000r\000a\000'\000s\000\040\000A\000l\000g\000o\000r\000i\000t\000h\000m}{subsection.5.3}% 40
\BOOKMARK [3][-]{subsubsection.5.3.6}{\376\377\000R\000e\000v\000e\000r\000s\000e\000\040\000B\000r\000e\000a\000d\000t\000h\000-\000F\000i\000r\000s\000t\000\040\000S\000e\000a\000r\000c\000h}{subsection.5.3}% 41
\BOOKMARK [1][-]{section.6}{\376\377\000A\000l\000g\000o\000r\000i\000t\000h\000m\000\040\000S\000p\000e\000c\000i\000f\000i\000c\000a\000t\000i\000o\000n\000s}{}% 42
\BOOKMARK [2][-]{subsection.6.1}{\376\377\000S\000u\000c\000c\000e\000s\000s\000i\000v\000e\000\040\000S\000h\000o\000r\000t\000e\000s\000t\000\040\000P\000a\000t\000h\000\040\000\050\000S\000S\000P\000\051\000\040\000A\000l\000g\000o\000r\000i\000t\000h\000m}{section.6}% 43
\BOOKMARK [2][-]{subsection.6.2}{\376\377\000C\000y\000c\000l\000e\000-\000C\000a\000n\000c\000e\000l\000i\000n\000g\000\040\000A\000l\000g\000o\000r\000i\000t\000h\000m}{section.6}% 44
\BOOKMARK [2][-]{subsection.6.3}{\376\377\000S\000u\000p\000p\000o\000r\000t\000i\000n\000g\000\040\000A\000l\000g\000o\000r\000i\000t\000h\000m\000s}{section.6}% 45
\BOOKMARK [3][-]{subsubsection.6.3.1}{\376\377\000D\000i\000j\000k\000s\000t\000r\000a\000'\000s\000\040\000A\000l\000g\000o\000r\000i\000t\000h\000m}{subsection.6.3}% 46
\BOOKMARK [3][-]{subsubsection.6.3.2}{\376\377\000B\000e\000l\000l\000m\000a\000n\000-\000F\000o\000r\000d\000\040\000A\000l\000g\000o\000r\000i\000t\000h\000m}{subsection.6.3}% 47
\BOOKMARK [3][-]{subsubsection.6.3.3}{\376\377\000P\000r\000e\000f\000l\000o\000w\000-\000P\000u\000s\000h\000\040\000A\000l\000g\000o\000r\000i\000t\000h\000m}{subsection.6.3}% 48
\BOOKMARK [3][-]{subsubsection.6.3.4}{\376\377\000R\000e\000v\000e\000r\000s\000e\000\040\000B\000r\000e\000a\000d\000t\000h\000-\000F\000i\000r\000s\000t\000\040\000S\000e\000a\000r\000c\000h}{subsection.6.3}% 49
\BOOKMARK [2][-]{subsection.6.4}{\376\377\000T\000h\000e\000o\000r\000e\000t\000i\000c\000a\000l\000\040\000I\000m\000p\000r\000o\000v\000e\000m\000e\000n\000t\000s}{section.6}% 50
\BOOKMARK [3][-]{subsubsection.6.4.1}{\376\377\000B\000e\000l\000l\000m\000a\000n\000-\000F\000o\000r\000d\000\040\000I\000n\000i\000t\000i\000a\000l\000i\000z\000a\000t\000i\000o\000n}{subsection.6.4}% 51
\BOOKMARK [3][-]{subsubsection.6.4.2}{\376\377\000R\000e\000s\000i\000d\000u\000a\000l\000\040\000N\000e\000t\000w\000o\000r\000k\000\040\000I\000n\000v\000a\000r\000i\000a\000n\000t\000s}{subsection.6.4}% 52
\BOOKMARK [1][-]{section.7}{\376\377\000R\000e\000s\000u\000l\000t\000s\000\040\000a\000n\000d\000\040\000A\000n\000a\000l\000y\000s\000i\000s}{}% 53
\BOOKMARK [2][-]{subsection.7.1}{\376\377\000S\000y\000s\000t\000e\000m\000\040\000A\000r\000c\000h\000i\000t\000e\000c\000t\000u\000r\000e\000\040\000a\000n\000d\000\040\000U\000s\000e\000r\000\040\000I\000n\000t\000e\000r\000f\000a\000c\000e}{section.7}% 54
\BOOKMARK [2][-]{subsection.7.2}{\376\377\000C\000a\000g\000l\000i\000a\000r\000i\000\040\000R\000e\000a\000l\000-\000W\000o\000r\000l\000d\000\040\000R\000e\000s\000u\000l\000t\000s}{section.7}% 55
\BOOKMARK [2][-]{subsection.7.3}{\376\377\000C\000o\000s\000t\000\040\000A\000n\000a\000l\000y\000s\000i\000s}{section.7}% 56
\BOOKMARK [2][-]{subsection.7.4}{\376\377\000P\000e\000r\000f\000o\000r\000m\000a\000n\000c\000e\000\040\000C\000h\000a\000r\000a\000c\000t\000e\000r\000i\000s\000t\000i\000c\000s}{section.7}% 57
\BOOKMARK [3][-]{subsubsection.7.4.1}{\376\377\000S\000c\000a\000l\000a\000b\000i\000l\000i\000t\000y\000\040\000A\000n\000a\000l\000y\000s\000i\000s}{subsection.7.4}% 58
\BOOKMARK [3][-]{subsubsection.7.4.2}{\376\377\000M\000e\000m\000o\000r\000y\000\040\000E\000f\000f\000i\000c\000i\000e\000n\000c\000y}{subsection.7.4}% 59
\BOOKMARK [1][-]{section.8}{\376\377\000V\000i\000s\000u\000a\000l\000i\000z\000a\000t\000i\000o\000n\000\040\000a\000n\000d\000\040\000A\000n\000a\000l\000y\000s\000i\000s\000\040\000S\000y\000s\000t\000e\000m}{}% 60
\BOOKMARK [2][-]{subsection.8.1}{\376\377\000C\000o\000m\000p\000r\000e\000h\000e\000n\000s\000i\000v\000e\000\040\000V\000i\000s\000u\000a\000l\000i\000z\000a\000t\000i\000o\000n\000\040\000F\000r\000a\000m\000e\000w\000o\000r\000k}{section.8}% 61
\BOOKMARK [2][-]{subsection.8.2}{\376\377\000F\000l\000o\000w\000\040\000N\000e\000t\000w\000o\000r\000k\000\040\000V\000i\000s\000u\000a\000l\000i\000z\000a\000t\000i\000o\000n}{section.8}% 62
\BOOKMARK [2][-]{subsection.8.3}{\376\377\000C\000o\000s\000t\000\040\000D\000i\000s\000t\000r\000i\000b\000u\000t\000i\000o\000n\000\040\000A\000n\000a\000l\000y\000s\000i\000s}{section.8}% 63
\BOOKMARK [2][-]{subsection.8.4}{\376\377\000R\000e\000s\000u\000l\000t\000s\000\040\000D\000a\000s\000h\000b\000o\000a\000r\000d}{section.8}% 64
\BOOKMARK [1][-]{section.9}{\376\377\000T\000e\000c\000h\000n\000i\000c\000a\000l\000\040\000A\000n\000a\000l\000y\000s\000i\000s\000\040\000o\000f\000\040\000O\000p\000t\000i\000m\000i\000z\000a\000t\000i\000o\000n\000\040\000P\000r\000o\000c\000e\000s\000s}{}% 65
\BOOKMARK [2][-]{subsection.9.1}{\376\377\000A\000l\000g\000o\000r\000i\000t\000h\000m\000\040\000C\000o\000r\000r\000e\000c\000t\000n\000e\000s\000s\000\040\000V\000a\000l\000i\000d\000a\000t\000i\000o\000n}{section.9}% 66
\BOOKMARK [3][-]{subsubsection.9.1.1}{\376\377\000B\000e\000l\000l\000m\000a\000n\000-\000F\000o\000r\000d\000\040\000I\000n\000i\000t\000i\000a\000l\000i\000z\000a\000t\000i\000o\000n}{subsection.9.1}% 67
\BOOKMARK [3][-]{subsubsection.9.1.2}{\376\377\000R\000e\000s\000i\000d\000u\000a\000l\000\040\000N\000e\000t\000w\000o\000r\000k\000\040\000I\000n\000v\000a\000r\000i\000a\000n\000t\000s}{subsection.9.1}% 68
\BOOKMARK [2][-]{subsection.9.2}{\376\377\000P\000e\000r\000f\000o\000r\000m\000a\000n\000c\000e\000\040\000C\000h\000a\000r\000a\000c\000t\000e\000r\000i\000s\000t\000i\000c\000s}{section.9}% 69
\BOOKMARK [3][-]{subsubsection.9.2.1}{\376\377\000S\000c\000a\000l\000a\000b\000i\000l\000i\000t\000y\000\040\000A\000n\000a\000l\000y\000s\000i\000s}{subsection.9.2}% 70
\BOOKMARK [3][-]{subsubsection.9.2.2}{\376\377\000M\000e\000m\000o\000r\000y\000\040\000E\000f\000f\000i\000c\000i\000e\000n\000c\000y}{subsection.9.2}% 71
\BOOKMARK [2][-]{subsection.9.3}{\376\377\000T\000h\000e\000o\000r\000e\000t\000i\000c\000a\000l\000\040\000S\000o\000u\000n\000d\000n\000e\000s\000s}{section.9}% 72
\BOOKMARK [1][-]{section.10}{\376\377\000C\000o\000n\000c\000l\000u\000s\000i\000o\000n\000s}{}% 73
\BOOKMARK [2][-]{subsection.10.1}{\376\377\000T\000e\000c\000h\000n\000i\000c\000a\000l\000\040\000A\000c\000h\000i\000e\000v\000e\000m\000e\000n\000t\000s}{section.10}% 74
\BOOKMARK [2][-]{subsection.10.2}{\376\377\000A\000c\000a\000d\000e\000m\000i\000c\000\040\000V\000a\000l\000u\000e}{section.10}% 75
\BOOKMARK [2][-]{subsection.10.3}{\376\377\000P\000r\000a\000c\000t\000i\000c\000a\000l\000\040\000I\000m\000p\000a\000c\000t}{section.10}% 76
\BOOKMARK [2][-]{subsection.10.4}{\376\377\000F\000u\000t\000u\000r\000e\000\040\000W\000o\000r\000k}{section.10}% 77
\BOOKMARK [1][-]{section.11}{\376\377\000O\000p\000t\000i\000m\000i\000z\000a\000t\000i\000o\000n\000\040\000I\000m\000p\000l\000e\000m\000e\000n\000t\000a\000t\000i\000o\000n\000\040\000C\000o\000d\000e}{}% 78
\BOOKMARK [2][-]{subsection.11.1}{\376\377\000C\000o\000r\000e\000\040\000N\000e\000t\000w\000o\000r\000k\000\040\000F\000l\000o\000w\000\040\000I\000m\000p\000l\000e\000m\000e\000n\000t\000a\000t\000i\000o\000n}{section.11}% 79
\BOOKMARK [2][-]{subsection.11.2}{\376\377\000S\000S\000P\000\040\000A\000l\000g\000o\000r\000i\000t\000h\000m\000\040\000I\000m\000p\000l\000e\000m\000e\000n\000t\000a\000t\000i\000o\000n}{section.11}% 80
\BOOKMARK [2][-]{subsection.11.3}{\376\377\000N\000e\000t\000w\000o\000r\000k\000\040\000C\000o\000n\000s\000t\000r\000u\000c\000t\000i\000o\000n}{section.11}% 81
\BOOKMARK [2][-]{subsection.11.4}{\376\377\000R\000e\000s\000u\000l\000t\000s\000\040\000A\000n\000a\000l\000y\000s\000i\000s}{section.11}% 82
\BOOKMARK [2][-]{subsection.11.5}{\376\377\000C\000o\000m\000p\000l\000e\000t\000e\000\040\000O\000p\000t\000i\000m\000i\000z\000a\000t\000i\000o\000n\000\040\000P\000i\000p\000e\000l\000i\000n\000e}{section.11}% 83
